# JRE version: OpenJDK Runtime Environment (8.0_121-b13) (build 1.8.0_121-8u121-b13-0ubuntu1.16.04.2-b13)
# Java VM: OpenJDK 64-Bit Server VM (25.121-b13 mixed mode linux-amd64 compressed oops)
Heap:
 PSYoungGen      total 290304K, used 283136K [0x00000000e1980000, 0x00000000f8680000, 0x0000000100000000)
  eden space 283136K, 100% used [0x00000000e1980000,0x00000000f2e00000,0x00000000f2e00000)
  from space 7168K, 0% used [0x00000000f2e00000,0x00000000f2e00000,0x00000000f3500000)
  to   space 7680K, 40% used [0x00000000f7f00000,0x00000000f8210b00,0x00000000f8680000)
 ParOldGen       total 76288K, used 13057K [0x00000000a4c00000, 0x00000000a9680000, 0x00000000e1980000)
  object space 76288K, 17% used [0x00000000a4c00000,0x00000000a58c0500,0x00000000a9680000)
 Metaspace       used 32808K, capacity 46783K, committed 46976K, reserved 1083392K
  class space    used 9137K, capacity 13935K, committed 13952K, reserved 1048576K
GC Heap History (10 events):
Event: 2.865 GC heap after
Heap after GC invocations=7 (full 1):
 PSYoungGen      total 199168K, used 0K [0x00000000e1980000, 0x00000000ee280000, 0x0000000100000000)
  eden space 192512K, 0% used [0x00000000e1980000,0x00000000e1980000,0x00000000ed580000)
  from space 6656K, 0% used [0x00000000edc00000,0x00000000edc00000,0x00000000ee280000)
  to   space 6656K, 0% used [0x00000000ed580000,0x00000000ed580000,0x00000000edc00000)
 ParOldGen       total 46080K, used 7423K [0x00000000a4c00000, 0x00000000a7900000, 0x00000000e1980000)
  object space 46080K, 16% used [0x00000000a4c00000,0x00000000a533ffa0,0x00000000a7900000)
 Metaspace       used 17820K, capacity 21209K, committed 21296K, reserved 1064960K
  class space    used 4448K, capacity 5561K, committed 5632K, reserved 1048576K
}
Event: 4.053 GC heap before
{Heap before GC invocations=8 (full 1):
 PSYoungGen      total 199168K, used 192512K [0x00000000e1980000, 0x00000000ee280000, 0x0000000100000000)
  eden space 192512K, 100% used [0x00000000e1980000,0x00000000ed580000,0x00000000ed580000)
  from space 6656K, 0% used [0x00000000edc00000,0x00000000edc00000,0x00000000ee280000)
  to   space 6656K, 0% used [0x00000000ed580000,0x00000000ed580000,0x00000000edc00000)
 ParOldGen       total 46080K, used 7423K [0x00000000a4c00000, 0x00000000a7900000, 0x00000000e1980000)
  object space 46080K, 16% used [0x00000000a4c00000,0x00000000a533ffa0,0x00000000a7900000)
 Metaspace       used 21703K, capacity 28689K, committed 28800K, reserved 1069056K
  class space    used 5782K, capacity 8297K, committed 8320K, reserved 1048576K
Event: 4.059 GC heap after
Heap after GC invocations=8 (full 1):
 PSYoungGen      total 199168K, used 3256K [0x00000000e1980000, 0x00000000f3b80000, 0x0000000100000000)
  eden space 192512K, 0% used [0x00000000e1980000,0x00000000e1980000,0x00000000ed580000)
  from space 6656K, 48% used [0x00000000ed580000,0x00000000ed8ae2c0,0x00000000edc00000)
  to   space 6656K, 0% used [0x00000000f3500000,0x00000000f3500000,0x00000000f3b80000)
 ParOldGen       total 46080K, used 7431K [0x00000000a4c00000, 0x00000000a7900000, 0x00000000e1980000)
  object space 46080K, 16% used [0x00000000a4c00000,0x00000000a5341fa0,0x00000000a7900000)
 Metaspace       used 21703K, capacity 28689K, committed 28800K, reserved 1069056K
  class space    used 5782K, capacity 8297K, committed 8320K, reserved 1048576K
}
Event: 4.631 GC heap before
{Heap before GC invocations=9 (full 1):
 PSYoungGen      total 199168K, used 195768K [0x00000000e1980000, 0x00000000f3b80000, 0x0000000100000000)
  eden space 192512K, 100% used [0x00000000e1980000,0x00000000ed580000,0x00000000ed580000)
  from space 6656K, 48% used [0x00000000ed580000,0x00000000ed8ae2c0,0x00000000edc00000)
  to   space 6656K, 0% used [0x00000000f3500000,0x00000000f3500000,0x00000000f3b80000)
 ParOldGen       total 46080K, used 7431K [0x00000000a4c00000, 0x00000000a7900000, 0x00000000e1980000)
  object space 46080K, 16% used [0x00000000a4c00000,0x00000000a5341fa0,0x00000000a7900000)
 Metaspace       used 21741K, capacity 28761K, committed 28800K, reserved 1069056K
  class space    used 5784K, capacity 8297K, committed 8320K, reserved 1048576K
Event: 4.643 GC heap after
Heap after GC invocations=9 (full 1):
 PSYoungGen      total 289792K, used 6560K [0x00000000e1980000, 0x00000000f3d80000, 0x0000000100000000)
  eden space 283136K, 0% used [0x00000000e1980000,0x00000000e1980000,0x00000000f2e00000)
  from space 6656K, 98% used [0x00000000f3500000,0x00000000f3b68020,0x00000000f3b80000)
  to   space 7168K, 0% used [0x00000000f2e00000,0x00000000f2e00000,0x00000000f3500000)
 ParOldGen       total 46080K, used 7439K [0x00000000a4c00000, 0x00000000a7900000, 0x00000000e1980000)
  object space 46080K, 16% used [0x00000000a4c00000,0x00000000a5343fa0,0x00000000a7900000)
 Metaspace       used 21741K, capacity 28761K, committed 28800K, reserved 1069056K
  class space    used 5784K, capacity 8297K, committed 8320K, reserved 1048576K
}
Event: 5.767 GC heap before
{Heap before GC invocations=10 (full 1):
 PSYoungGen      total 289792K, used 192488K [0x00000000e1980000, 0x00000000f3d80000, 0x0000000100000000)
  eden space 283136K, 65% used [0x00000000e1980000,0x00000000ecf120c8,0x00000000f2e00000)
  from space 6656K, 98% used [0x00000000f3500000,0x00000000f3b68020,0x00000000f3b80000)
  to   space 7168K, 0% used [0x00000000f2e00000,0x00000000f2e00000,0x00000000f3500000)
 ParOldGen       total 46080K, used 7439K [0x00000000a4c00000, 0x00000000a7900000, 0x00000000e1980000)
  object space 46080K, 16% used [0x00000000a4c00000,0x00000000a5343fa0,0x00000000a7900000)
 Metaspace       used 26035K, capacity 35447K, committed 35496K, reserved 1075200K
  class space    used 7176K, capacity 10447K, committed 10496K, reserved 1048576K
Event: 5.777 GC heap after
Heap after GC invocations=10 (full 1):
 PSYoungGen      total 290304K, used 6090K [0x00000000e1980000, 0x00000000f8680000, 0x0000000100000000)
  eden space 283136K, 0% used [0x00000000e1980000,0x00000000e1980000,0x00000000f2e00000)
  from space 7168K, 84% used [0x00000000f2e00000,0x00000000f33f2b78,0x00000000f3500000)
  to   space 7680K, 0% used [0x00000000f7f00000,0x00000000f7f00000,0x00000000f8680000)
 ParOldGen       total 46080K, used 7447K [0x00000000a4c00000, 0x00000000a7900000, 0x00000000e1980000)
  object space 46080K, 16% used [0x00000000a4c00000,0x00000000a5345fa0,0x00000000a7900000)
 Metaspace       used 26035K, capacity 35447K, committed 35496K, reserved 1075200K
  class space    used 7176K, capacity 10447K, committed 10496K, reserved 1048576K
}
Event: 5.777 GC heap before
{Heap before GC invocations=11 (full 2):
 PSYoungGen      total 290304K, used 6090K [0x00000000e1980000, 0x00000000f8680000, 0x0000000100000000)
  eden space 283136K, 0% used [0x00000000e1980000,0x00000000e1980000,0x00000000f2e00000)
  from space 7168K, 84% used [0x00000000f2e00000,0x00000000f33f2b78,0x00000000f3500000)
  to   space 7680K, 0% used [0x00000000f7f00000,0x00000000f7f00000,0x00000000f8680000)
 ParOldGen       total 46080K, used 7447K [0x00000000a4c00000, 0x00000000a7900000, 0x00000000e1980000)
  object space 46080K, 16% used [0x00000000a4c00000,0x00000000a5345fa0,0x00000000a7900000)
 Metaspace       used 26035K, capacity 35447K, committed 35496K, reserved 1075200K
  class space    used 7176K, capacity 10447K, committed 10496K, reserved 1048576K
Event: 5.916 GC heap after
Heap after GC invocations=11 (full 2):
 PSYoungGen      total 290304K, used 0K [0x00000000e1980000, 0x00000000f8680000, 0x0000000100000000)
  eden space 283136K, 0% used [0x00000000e1980000,0x00000000e1980000,0x00000000f2e00000)
  from space 7168K, 0% used [0x00000000f2e00000,0x00000000f2e00000,0x00000000f3500000)
  to   space 7680K, 0% used [0x00000000f7f00000,0x00000000f7f00000,0x00000000f8680000)
 ParOldGen       total 76288K, used 13057K [0x00000000a4c00000, 0x00000000a9680000, 0x00000000e1980000)
  object space 76288K, 17% used [0x00000000a4c00000,0x00000000a58c0500,0x00000000a9680000)
 Metaspace       used 26035K, capacity 35447K, committed 35496K, reserved 1075200K
  class space    used 7176K, capacity 10447K, committed 10496K, reserved 1048576K
}
Event: 7.610 GC heap before
{Heap before GC invocations=12 (full 2):
 PSYoungGen      total 290304K, used 283136K [0x00000000e1980000, 0x00000000f8680000, 0x0000000100000000)
  eden space 283136K, 100% used [0x00000000e1980000,0x00000000f2e00000,0x00000000f2e00000)
  from space 7168K, 0% used [0x00000000f2e00000,0x00000000f2e00000,0x00000000f3500000)
  to   space 7680K, 0% used [0x00000000f7f00000,0x00000000f7f00000,0x00000000f8680000)
 ParOldGen       total 76288K, used 13057K [0x00000000a4c00000, 0x00000000a9680000, 0x00000000e1980000)
  object space 76288K, 17% used [0x00000000a4c00000,0x00000000a58c0500,0x00000000a9680000)
 Metaspace       used 32808K, capacity 46783K, committed 46976K, reserved 1083392K
  class space    used 9137K, capacity 13935K, committed 13952K, reserved 1048576K

